2025-04-14 05:07:34,862 INFO  utils.LoggerHandler - Verifying Reliance Jewels logo is displayed.
2025-04-14 05:07:35,568 INFO  utils.LoggerHandler - Verified logo
2025-04-14 05:07:35,568 INFO  utils.LoggerHandler - Hovering on Earrings.
2025-04-14 05:07:35,801 INFO  utils.LoggerHandler - Clicking on Diamond.
2025-04-14 05:07:40,092 INFO  utils.LoggerHandler - Verifying the keyword 'Diamond'.
2025-04-14 05:07:40,178 INFO  utils.LoggerHandler - diamond keyword verify
2025-04-14 05:07:40,178 INFO  utils.LoggerHandler - Clicking on Gender filter.
2025-04-14 05:07:40,400 INFO  utils.LoggerHandler - Selecting Women under Gender filter.
2025-04-14 05:07:53,739 INFO  utils.LoggerHandler - Hovering on Popularity.
2025-04-14 05:07:53,895 INFO  utils.LoggerHandler - Clicking on New Arrivals.
2025-04-14 05:08:00,496 INFO  utils.LoggerHandler - Clicking on the first product.
2025-04-14 05:08:11,549 INFO  utils.LoggerHandler - Clicking on Add to Cart.
2025-04-14 05:08:16,979 INFO  utils.LoggerHandler - Taking a screenshot of the product page.
2025-04-14 05:08:26,713 INFO  utils.LoggerHandler - Verifying Reliance Jewels logo is displayed.
2025-04-14 05:08:26,785 INFO  utils.LoggerHandler - Verified logo
2025-04-14 05:08:26,785 INFO  utils.LoggerHandler - Hovering on Chain.
2025-04-14 05:08:26,960 INFO  utils.LoggerHandler - Clicking on Silver.
2025-04-14 05:08:39,071 INFO  utils.LoggerHandler - Verifying the keyword 'Categories'.
2025-04-14 05:08:39,131 INFO  utils.LoggerHandler - Keyword 'Categories' is verified.
2025-04-14 05:08:39,131 INFO  utils.LoggerHandler - Clicking on Gender filter.
2025-04-14 05:08:39,362 INFO  utils.LoggerHandler - Selecting Women under Gender filter.
2025-04-14 05:08:48,443 INFO  utils.LoggerHandler - Clicking on More Filters.
2025-04-14 05:08:48,783 INFO  utils.LoggerHandler - Clicking on Try on Available.
2025-04-14 05:08:48,988 INFO  utils.LoggerHandler - Clicking on Yes.
2025-04-14 05:08:50,669 INFO  utils.LoggerHandler - Clicking on the first product.
2025-04-14 05:09:01,245 INFO  utils.LoggerHandler - Clicking on Buy Now.
2025-04-14 05:09:01,469 INFO  utils.LoggerHandler - Verifying the keyword 'Product Code' and recording logs.
2025-04-14 05:09:01,535 INFO  utils.LoggerHandler - Verified Product Code
2025-04-14 05:09:05,910 INFO  utils.LoggerHandler - Taking a screenshot of the product page.
