2025-04-14 04:42:32,988 INFO  utils.LoggerHandler - Hovered on What's Trending
2025-04-14 04:42:37,719 INFO  utils.LoggerHandler - Clicked on Vivaham section
2025-04-14 04:42:37,956 INFO  utils.LoggerHandler - Clicked on Locate Store
2025-04-14 04:42:50,791 INFO  utils.LoggerHandler - Selected state value
2025-04-14 04:42:51,214 INFO  utils.LoggerHandler - Selected city value
2025-04-14 04:42:55,184 INFO  utils.LoggerHandler - Navigated back to parent window and clicked Delhi
2025-04-14 04:43:06,152 INFO  utils.LoggerHandler - Navigates and verified URL About us
2025-04-14 04:43:06,191 INFO  utils.LoggerHandler - Clicked About Us and navigated
2025-04-14 04:43:14,437 INFO  utils.LoggerHandler - Navigates and verified URL Why reliance
2025-04-14 04:43:14,473 INFO  utils.LoggerHandler - Clicked Why Reliance and navigated
2025-04-14 04:43:15,572 INFO  utils.LoggerHandler - Navigates and verified URL Certification
2025-04-14 04:43:15,604 INFO  utils.LoggerHandler - Clicked Certifications and navigated
2025-04-14 04:43:16,917 INFO  utils.LoggerHandler - Clicked Our Showroom and navigated
2025-04-14 04:43:20,249 INFO  utils.LoggerHandler - Navigates and verified URL Media
2025-04-14 04:43:20,279 INFO  utils.LoggerHandler - Clicked Media and navigated
2025-04-14 04:43:27,357 INFO  utils.LoggerHandler - Navigates and verified URL Blog
2025-04-14 04:43:27,402 INFO  utils.LoggerHandler - Clicked Blog and navigated
2025-04-14 04:43:35,271 INFO  utils.LoggerHandler - Navigates and verified URL FAQs
2025-04-14 04:43:35,321 INFO  utils.LoggerHandler - Clicked FAQs and navigated
2025-04-14 04:43:38,257 INFO  utils.LoggerHandler - Navigates and verified URL track your order
2025-04-14 04:43:38,306 INFO  utils.LoggerHandler - Clicked Track Order and navigated
2025-04-14 04:43:38,406 INFO  utils.LoggerHandler - Verification done for Fast Shipping
2025-04-14 04:43:39,364 INFO  utils.LoggerHandler - Clicked Contact Us and navigated
