2025-04-13 12:31:42,206 INFO  utils.LoggerHandler - Inside browser Home Page
2025-04-13 12:31:43,062 INFO  utils.LoggerHandler - Verified Logo
2025-04-13 12:31:43,261 INFO  utils.LoggerHandler - Clicked on search bar
2025-04-13 12:31:43,331 INFO  utils.LoggerHandler - Entered text into search bar
2025-04-13 12:31:52,523 INFO  utils.LoggerHandler - Enter action on search bar
2025-04-13 12:31:52,524 INFO  utils.LoggerHandler - Necklace Result Page
2025-04-13 12:31:52,570 INFO  utils.LoggerHandler - Necklace Result page verified
2025-04-13 12:31:52,759 INFO  utils.LoggerHandler - Hover over the element
2025-04-13 12:31:52,954 INFO  utils.LoggerHandler - View Quick start
2025-04-13 12:32:00,858 INFO  utils.LoggerHandler - Closed pop-up
2025-04-13 12:32:00,858 INFO  utils.LoggerHandler - Necklace Result Page
2025-04-13 12:32:00,904 INFO  utils.LoggerHandler - Necklace Result page verified
2025-04-13 12:32:15,945 INFO  utils.LoggerHandler - click on the first product
2025-04-13 12:32:15,956 INFO  utils.LoggerHandler - Verified the redirected to first product page
2025-04-13 12:32:16,288 INFO  utils.LoggerHandler - First product weight selected
2025-04-13 12:32:25,347 INFO  utils.LoggerHandler - Click on Buy Now
2025-04-13 12:32:25,446 INFO  utils.LoggerHandler - Verified My Cart
2025-04-13 12:32:25,718 INFO  utils.LoggerHandler - Exit browser
2025-04-13 12:32:33,891 INFO  utils.LoggerHandler - Inside browser Home Page
2025-04-13 12:32:36,257 INFO  utils.LoggerHandler - https://www.reliancejewels.com/s/return-policy Verified
2025-04-13 12:32:36,294 INFO  utils.LoggerHandler - Best Online Shopping Offers In India - Reliance Jewels Verified
2025-04-13 12:32:38,798 INFO  utils.LoggerHandler - https://www.reliancejewels.com/s/shipping-policy Verified
2025-04-13 12:32:38,848 INFO  utils.LoggerHandler - Best Online Shopping Offers In India - Reliance Jewels Verified
2025-04-13 12:32:46,931 INFO  utils.LoggerHandler - https://www.reliancejewels.com/s/privacy-policy Verified
2025-04-13 12:32:46,960 INFO  utils.LoggerHandler - Best Online Shopping Offers In India - Reliance Jewels Verified
2025-04-13 12:32:48,105 INFO  utils.LoggerHandler - https://www.reliancejewels.com/s/OldGoldExchange Verified
2025-04-13 12:32:48,133 INFO  utils.LoggerHandler - Best Online Shopping Offers In India - Reliance Jewels Verified
2025-04-13 12:32:49,291 INFO  utils.LoggerHandler - https://www.reliancejewels.com/s/feesandpayments-policy Verified
2025-04-13 12:32:49,316 INFO  utils.LoggerHandler - Best Online Shopping Offers In India - Reliance Jewels Verified
2025-04-13 12:32:53,444 INFO  utils.LoggerHandler - https://www.reliancejewels.com/s/tandc-policy Verified
2025-04-13 12:32:53,489 INFO  utils.LoggerHandler - Best Online Shopping Offers In India - Reliance Jewels Verified
2025-04-13 12:33:00,524 INFO  utils.LoggerHandler - https://www.reliancejewels.com/s/rone-tc Verified
2025-04-13 12:33:00,546 INFO  utils.LoggerHandler - Best Online Shopping Offers In India - Reliance Jewels Verified
2025-04-13 12:33:05,127 INFO  utils.LoggerHandler - https://www.reliancejewels.com/s/disclaimer Verified
2025-04-13 12:33:05,147 INFO  utils.LoggerHandler - Best Online Shopping Offers In India - Reliance Jewels Verified
2025-04-13 12:33:05,285 INFO  utils.LoggerHandler - Exit browser
